#-----------------------------------------------------------
# Vivado v2018.3 (64-bit)
# SW Build 2405991 on Thu Dec  6 23:38:27 MST 2018
# IP Build 2404404 on Fri Dec  7 01:43:56 MST 2018
# Start of session at: Mon Jun 22 12:54:07 2020
# Process ID: 23556
# Current directory: c:/Users/parimalp/Downloads/VivadoIP-master/VivadoIP-master/hdmi_tx_1.0/example_designs/BlackboardRevD
# Command line: vivado.exe -mode batch -source tcl/create_project.tcl -tclargs --project_dir ./hdmi_example --project_name example
# Log file: c:/Users/parimalp/Downloads/VivadoIP-master/VivadoIP-master/hdmi_tx_1.0/example_designs/BlackboardRevD/vivado.log
# Journal file: c:/Users/parimalp/Downloads/VivadoIP-master/VivadoIP-master/hdmi_tx_1.0/example_designs/BlackboardRevD\vivado.jou
#-----------------------------------------------------------
source tcl/create_project.tcl
# namespace eval _tcl {
#     proc get_script_folder {} {
# 	    set script_path [file normalize [info script]]
# 	    set script_folder [file dirname $script_path]
#         return $script_folder
#     }
# }
# variable script_folder
# set script_folder [_tcl::get_script_folder]
# variable script_file
# set script_file "create_project.tcl"
# set bd_name             {system}
# set device              {xc7z007sclg400-1}
# set project_name        {example}
# set project_dir         {./}
# proc help {} {
#   global script_file
#   puts "\nDescription:"
#   puts "Create Vivado example project for HDMI TX IP targeting"
#   puts "Blackboard rev. D."
#   puts "Syntax:"
#   puts "$script_file -tclargs \[--project_name <name>\]"
#   puts "$script_file -tclargs \[--project_dir <path\]"
#   puts "$script_file -tclargs \[--help\]"
#   puts "Usage:"
#   puts "Name                   Description"
#   puts "------------------------------------------------------------------"
#   puts "\[--project_name <name>\] Create project with the specified name."
#   puts "                       Default name is \"example\"."
#   puts "\[--project_dir <path>\]  Determine the project paths wrt to \".\"."
#   puts "                       Default project path value is \".\"."
#   puts "\[--help\]               Print help information for this script"
#   puts "------------------------------------------------------------------\n" 
#   exit 0
# }
# if { $::argc > 0 } {
#   for {set i 0} {$i < [llength $::argc]} {incr i} {
#     set option [string trim [lindex $::argv $i]]
#     switch -regexp -- $option {
#       "--project_dir"   { incr i; set project_dir [lindex $::argv $i] }
#       "--project_name" { incr i; set project_name [lindex $::argv $i] }
#       "--help"         { help }
#       default {
#         if { [regexp {^-} $option] } {
#           puts "ERROR: Unknown option '$option' specified, please type '$script_file -tclargs --help' for usage info.\n"
#           return 1
#         }
#       }
#     }
#   }
# }
# create_project $project_name $project_dir -part $device
INFO: [ProjectBase 1-489] The host OS only allows 260 characters in a normal path. The project is stored in a path with more than 80 characters. If you experience issues with IP, Block Designs, or files not being found, please consider moving the project to a location with a shorter path. Alternately consider using the OS subst command to map part of the path to a drive letter.
Current project path is 'c:/Users/parimalp/Downloads/VivadoIP-master/VivadoIP-master/hdmi_tx_1.0/example_designs/BlackboardRevD/hdmi_example'
create_project: Time (s): cpu = 00:00:02 ; elapsed = 00:00:05 . Memory (MB): peak = 287.738 ; gain = 36.477
# if {[string equal [get_filesets -quiet sources_1] ""]} {
#   create_fileset -srcset sources_1
# }
# set src_set [get_filesets sources_1]
# set files [list \
#  "[file normalize "$script_folder/../../sim/clk_wiz_0/clk_wiz_0.xci"]"\
#  "[file normalize "$script_folder/../../hdl/encode.v"]"\
#  "[file normalize "$script_folder/../../hdl/hdmi_tx_v1_0.v"]"\
#  "[file normalize "$script_folder/../../hdl/serdes_10_to_1.v"]"\
#  "[file normalize "$script_folder/../../hdl/srldelay.v"]"\
#  "[file normalize "$script_folder/../../sim/wrapper-syn-revd.v"]"\
# ]
# add_files -norecurse -fileset $src_set $files
ERROR: [Vivado 12-172] File or Directory 'C:/Users/parimalp/Downloads/VivadoIP-master/VivadoIP-master/hdmi_tx_1.0/example_designs/sim/clk_wiz_0/clk_wiz_0.xci' does not exist
INFO: [Common 17-206] Exiting Vivado at Mon Jun 22 12:54:17 2020...
